#
# There is insufficient memory for the Java Runtime Environment to continue.
# Native memory allocation (mmap) failed to map 132120576 bytes for G1 virtual space
# Possible reasons:
#   The system is out of physical RAM or swap space
#   The process is running with CompressedOops enabled, and the Java Heap may be blocking the growth of the native heap
# Possible solutions:
#   Reduce memory load on the system
#   Increase physical memory or swap space
#   Check if swap backing store is full
#   Decrease Java heap size (-Xmx/-Xms)
#   Decrease number of Java threads
#   Decrease Java thread stack sizes (-Xss)
#   Set larger code cache with -XX:ReservedCodeCacheSize=
#   JVM is running with Unscaled Compressed Oops mode in which the Java heap is
#     placed in the first 4GB address space. The Java Heap base address is the
#     maximum limit for the native heap growth. Please use -XX:HeapBaseMinAddress
#     to set the Java Heap base and to place the Java Heap above 4GB virtual address.
# This output file may be truncated or incomplete.
#
#  Out of Memory Error (os_windows.cpp:3617), pid=18640, tid=13328
#
# JRE version:  (17.0.8.1+1) (build )
# Java VM: OpenJDK 64-Bit Server VM (17.0.8.1+1, mixed mode, sharing, tiered, compressed oops, compressed class ptrs, g1 gc, windows-amd64)
# No core dump will be written. Minidumps are not enabled by default on client versions of Windows
#

---------------  S U M M A R Y ------------

Command Line: --module-path=D:\javafx-sdk-22.0.1\lib --add-modules=javafx.controls,javafx.fxml,javafx.media -Dfile.encoding=UTF-8 -XX:+ShowCodeDetailsInExceptionMessages Main

Host: Intel(R) Core(TM) i3-7020U CPU @ 2.30GHz, 4 cores, 7G,  Windows 10 , 64 bit Build 19041 (10.0.19041.3636)
Time: Sun May 19 23:42:15 2024 SE Asia Standard Time elapsed time: 0.076451 seconds (0d 0h 0m 0s)

---------------  T H R E A D  ---------------

Current thread (0x000001e7f16cdd80):  JavaThread "Unknown thread" [_thread_in_vm, id=13328, stack(0x0000009fd8300000,0x0000009fd8400000)]

Stack: [0x0000009fd8300000,0x0000009fd8400000]
Native frames: (J=compiled Java code, j=interpreted, Vv=VM code, C=native code)
V  [jvm.dll+0x678b0a]
V  [jvm.dll+0x835e84]
V  [jvm.dll+0x83762e]
V  [jvm.dll+0x837c93]
V  [jvm.dll+0x24746f]
V  [jvm.dll+0x675859]
V  [jvm.dll+0x66a0ea]
V  [jvm.dll+0x306c7b]
V  [jvm.dll+0x30e166]
V  [jvm.dll+0x35dd3e]
V  [jvm.dll+0x35df6f]
V  [jvm.dll+0x2ddb48]
V  [jvm.dll+0x2deab4]
V  [jvm.dll+0x807f31]
V  [jvm.dll+0x36bb21]
V  [jvm.dll+0x7e733c]
V  [jvm.dll+0x3ee4af]
V  [jvm.dll+0x3f00c1]
C  [jli.dll+0x528b]
C  [ucrtbase.dll+0x21bb2]
C  [KERNEL32.DLL+0x17344]
C  [ntdll.dll+0x526b1]


---------------  P R O C E S S  ---------------

Threads class SMR info:
_java_thread_list=0x00007ff86ceda018, length=0, elements={
}

Java Threads: ( => current thread )

Other Threads:
  0x000001e7f17273e0 GCTaskThread "GC Thread#0" [stack: 0x0000009fd8400000,0x0000009fd8500000] [id=9688]
  0x000001e7f1737f30 ConcurrentGCThread "G1 Main Marker" [stack: 0x0000009fd8500000,0x0000009fd8600000] [id=19252]
  0x000001e7f17390e0 ConcurrentGCThread "G1 Conc#0" [stack: 0x0000009fd8600000,0x0000009fd8700000] [id=2532]

[error occurred during error reporting (printing all threads), id 0xc0000005, EXCEPTION_ACCESS_VIOLATION (0xc0000005) at pc=0x00007ff86c6ae587]

VM state: not at safepoint (not fully initialized)

VM Mutex/Monitor currently owned by a thread:  ([mutex/lock_event])
[0x000001e7f16c7fa0] Heap_lock - owner thread: 0x000001e7f16cdd80

Heap address: 0x0000000082000000, size: 2016 MB, Compressed Oops mode: 32-bit

CDS archive(s) mapped at: [0x0000000000000000-0x0000000000000000-0x0000000000000000), size 0, SharedBaseAddress: 0x0000000800000000, ArchiveRelocationMode: 1.
Narrow klass base: 0x0000000000000000, Narrow klass shift: 0, Narrow klass range: 0x0

GC Precious Log:
<Empty>

Heap:
 garbage-first heap   total 0K, used 0K [0x0000000082000000, 0x0000000100000000)
  region size 1024K, 0 young (0K), 0 survivors (0K)

[error occurred during error reporting (printing heap information), id 0xc0000005, EXCEPTION_ACCESS_VIOLATION (0xc0000005) at pc=0x00007ff86ca92699]

GC Heap History (0 events):
No events

Dll operation events (1 events):
Event: 0.014 Loaded shared library C:\Users\Admin\.p2\pool\plugins\org.eclipse.justj.openjdk.hotspot.jre.full.win32.x86_64_17.0.8.v20230831-1047\jre\bin\java.dll

Deoptimization events (0 events):
No events

Classes unloaded (0 events):
No events

Classes redefined (0 events):
No events

Internal exceptions (0 events):
No events

VM Operations (0 events):
No events

Events (0 events):
No events


Dynamic libraries:
0x00007ff62d3b0000 - 0x00007ff62d3be000 	C:\Users\Admin\.p2\pool\plugins\org.eclipse.justj.openjdk.hotspot.jre.full.win32.x86_64_17.0.8.v20230831-1047\jre\bin\javaw.exe
0x00007ff92ae70000 - 0x00007ff92b068000 	C:\Windows\SYSTEM32\ntdll.dll
0x00007ff92a440000 - 0x00007ff92a4fd000 	C:\Windows\System32\KERNEL32.DLL
0x00007ff9288f0000 - 0x00007ff928be6000 	C:\Windows\System32\KERNELBASE.dll
0x00007ff9285a0000 - 0x00007ff9286a0000 	C:\Windows\System32\ucrtbase.dll
0x00007ff917b30000 - 0x00007ff917b47000 	C:\Users\Admin\.p2\pool\plugins\org.eclipse.justj.openjdk.hotspot.jre.full.win32.x86_64_17.0.8.v20230831-1047\jre\bin\jli.dll
0x00007ff92a260000 - 0x00007ff92a3ff000 	C:\Windows\System32\USER32.dll
0x00007ff928520000 - 0x00007ff928542000 	C:\Windows\System32\win32u.dll
0x00007ff929b30000 - 0x00007ff929b5b000 	C:\Windows\System32\GDI32.dll
0x00007ff9287d0000 - 0x00007ff9288e7000 	C:\Windows\System32\gdi32full.dll
0x00007ff9286a0000 - 0x00007ff92873d000 	C:\Windows\System32\msvcp_win.dll
0x00007ff916c00000 - 0x00007ff916c19000 	C:\Users\Admin\.p2\pool\plugins\org.eclipse.justj.openjdk.hotspot.jre.full.win32.x86_64_17.0.8.v20230831-1047\jre\bin\VCRUNTIME140.dll
0x00007ff916d70000 - 0x00007ff91700a000 	C:\Windows\WinSxS\amd64_microsoft.windows.common-controls_6595b64144ccf1df_6.0.19041.4355_none_60b8b9eb71f62e16\COMCTL32.dll
0x00007ff929cf0000 - 0x00007ff929d8e000 	C:\Windows\System32\msvcrt.dll
0x00007ff92a400000 - 0x00007ff92a432000 	C:\Windows\System32\IMM32.DLL
0x00007ff9258c0000 - 0x00007ff9258cc000 	C:\Users\Admin\.p2\pool\plugins\org.eclipse.justj.openjdk.hotspot.jre.full.win32.x86_64_17.0.8.v20230831-1047\jre\bin\vcruntime140_1.dll
0x00007ff8c69a0000 - 0x00007ff8c6a31000 	C:\Users\Admin\.p2\pool\plugins\org.eclipse.justj.openjdk.hotspot.jre.full.win32.x86_64_17.0.8.v20230831-1047\jre\bin\msvcp140.dll
0x00007ff86c3c0000 - 0x00007ff86d00c000 	C:\Users\Admin\.p2\pool\plugins\org.eclipse.justj.openjdk.hotspot.jre.full.win32.x86_64_17.0.8.v20230831-1047\jre\bin\server\jvm.dll
0x00007ff929950000 - 0x00007ff929a00000 	C:\Windows\System32\ADVAPI32.dll
0x00007ff92a500000 - 0x00007ff92a5a0000 	C:\Windows\System32\sechost.dll
0x00007ff929050000 - 0x00007ff929173000 	C:\Windows\System32\RPCRT4.dll
0x00007ff928dc0000 - 0x00007ff928de7000 	C:\Windows\System32\bcrypt.dll
0x00007ff928370000 - 0x00007ff9283bb000 	C:\Windows\SYSTEM32\POWRPROF.dll
0x00007ff914530000 - 0x00007ff914539000 	C:\Windows\SYSTEM32\WSOCK32.dll
0x00007ff929e80000 - 0x00007ff929eeb000 	C:\Windows\System32\WS2_32.dll
0x00007ff914f40000 - 0x00007ff914f67000 	C:\Windows\SYSTEM32\WINMM.dll
0x00007ff9223b0000 - 0x00007ff9223ba000 	C:\Windows\SYSTEM32\VERSION.dll
0x00007ff928350000 - 0x00007ff928362000 	C:\Windows\SYSTEM32\UMPDC.dll
0x00007ff926d30000 - 0x00007ff926d42000 	C:\Windows\SYSTEM32\kernel.appcore.dll
0x00007ff9224d0000 - 0x00007ff9224da000 	C:\Users\Admin\.p2\pool\plugins\org.eclipse.justj.openjdk.hotspot.jre.full.win32.x86_64_17.0.8.v20230831-1047\jre\bin\jimage.dll
0x00007ff926a40000 - 0x00007ff926c24000 	C:\Windows\SYSTEM32\DBGHELP.DLL
0x00007ff911c60000 - 0x00007ff911c94000 	C:\Windows\SYSTEM32\dbgcore.DLL
0x00007ff928740000 - 0x00007ff9287c2000 	C:\Windows\System32\bcryptPrimitives.dll
0x00007ff907710000 - 0x00007ff907735000 	C:\Users\Admin\.p2\pool\plugins\org.eclipse.justj.openjdk.hotspot.jre.full.win32.x86_64_17.0.8.v20230831-1047\jre\bin\java.dll

dbghelp: loaded successfully - version: 4.0.5 - missing functions: none
symbol engine: initialized successfully - sym options: 0x614 - pdb path: .;C:\Users\Admin\.p2\pool\plugins\org.eclipse.justj.openjdk.hotspot.jre.full.win32.x86_64_17.0.8.v20230831-1047\jre\bin;C:\Windows\SYSTEM32;C:\Windows\WinSxS\amd64_microsoft.windows.common-controls_6595b64144ccf1df_6.0.19041.4355_none_60b8b9eb71f62e16;C:\Users\Admin\.p2\pool\plugins\org.eclipse.justj.openjdk.hotspot.jre.full.win32.x86_64_17.0.8.v20230831-1047\jre\bin\server

VM Arguments:
jvm_args: --module-path=D:\javafx-sdk-22.0.1\lib --add-modules=javafx.controls,javafx.fxml,javafx.media -Dfile.encoding=UTF-8 -XX:+ShowCodeDetailsInExceptionMessages 
java_command: Main
java_class_path (initial): C:\Users\Admin\eclipse-workspace\QuanLyDonDatHang\bin;C:\Users\Admin\Downloads\fontawesomefx-materialicons-2.2.0-9.1.2.jar;C:\Users\Admin\Downloads\fontawesomefx-materialdesignfont-2.0.26-9.1.2.jar;C:\Users\Admin\Downloads\fontawesomefx-fontawesome-4.7.0-9.1.2.jar;C:\Users\Admin\Downloads\fontawesomefx-emojione-3.1.1-9.1.2.jar;C:\Users\Admin\Downloads\fontawesomefx-controls-9.1.2.jar;C:\Users\Admin\Downloads\fontawesomefx-commons-9.1.2.jar;C:\Users\Admin\Downloads\fontawesomefx-8.9-javadoc (1).jar;C:\Users\Admin\Downloads\fontawesomefx-8.9.jar;D:\javafx-sdk-22.0.1\lib\javafx.base.jar;D:\javafx-sdk-22.0.1\lib\javafx.controls.jar;D:\javafx-sdk-22.0.1\lib\javafx.fxml.jar;D:\javafx-sdk-22.0.1\lib\javafx.graphics.jar;D:\javafx-sdk-22.0.1\lib\javafx.media.jar;D:\javafx-sdk-22.0.1\lib\javafx.swing.jar;D:\javafx-sdk-22.0.1\lib\javafx.web.jar;D:\javafx-sdk-22.0.1\lib\javafx-swt.jar;D:\phan_mem\mysql-connector-j-8.1.0\mysql-connector-j-8.1.0.jar
Launcher Type: SUN_STANDARD

[Global flags]
     intx CICompilerCount                          = 3                                         {product} {ergonomic}
     uint ConcGCThreads                            = 1                                         {product} {ergonomic}
     uint G1ConcRefinementThreads                  = 4                                         {product} {ergonomic}
   size_t G1HeapRegionSize                         = 1048576                                   {product} {ergonomic}
    uintx GCDrainStackTargetSize                   = 64                                        {product} {ergonomic}
   size_t InitialHeapSize                          = 132120576                                 {product} {ergonomic}
   size_t MarkStackSize                            = 4194304                                   {product} {ergonomic}
   size_t MaxHeapSize                              = 2113929216                                {product} {ergonomic}
   size_t MinHeapDeltaBytes                        = 1048576                                   {product} {ergonomic}
   size_t MinHeapSize                              = 8388608                                   {product} {ergonomic}
    uintx NonNMethodCodeHeapSize                   = 5832780                                {pd product} {ergonomic}
    uintx NonProfiledCodeHeapSize                  = 122912730                              {pd product} {ergonomic}
    uintx ProfiledCodeHeapSize                     = 122912730                              {pd product} {ergonomic}
    uintx ReservedCodeCacheSize                    = 251658240                              {pd product} {ergonomic}
     bool SegmentedCodeCache                       = true                                      {product} {ergonomic}
     bool ShowCodeDetailsInExceptionMessages       = true                                   {manageable} {command line}
   size_t SoftMaxHeapSize                          = 2113929216                             {manageable} {ergonomic}
     bool UseCompressedClassPointers               = true                           {product lp64_product} {ergonomic}
     bool UseCompressedOops                        = true                           {product lp64_product} {ergonomic}
     bool UseG1GC                                  = true                                      {product} {ergonomic}
     bool UseLargePagesIndividualAllocation        = false                                  {pd product} {ergonomic}

Logging:
Log output configuration:
 #0: stdout all=warning uptime,level,tags
 #1: stderr all=off uptime,level,tags

Environment Variables:
PATH=C:/Users/Admin/.p2/pool/plugins/org.eclipse.justj.openjdk.hotspot.jre.full.win32.x86_64_17.0.9.v20231028-0858/jre/bin/server;C:/Users/Admin/.p2/pool/plugins/org.eclipse.justj.openjdk.hotspot.jre.full.win32.x86_64_17.0.9.v20231028-0858/jre/bin;C:\Program Files\Microsoft MPI\Bin\;C:\Windows\system32;C:\Windows;C:\Windows\System32\Wbem;C:\Windows\System32\WindowsPowerShell\v1.0\;C:\Windows\System32\OpenSSH\;%JAVA_HOME%\bin;C:\Program Files\Git\cmd;C:\Program Files (x86)\Microsoft SQL Server\160\Tools\Binn\;C:\Program Files\Microsoft SQL Server\160\Tools\Binn\;C:\Program Files\Microsoft SQL Server\Client SDK\ODBC\170\Tools\Binn\;C:\Program Files\Microsoft SQL Server\160\DTS\Binn\;C:\Program Files (x86)\Microsoft SQL Server\160\DTS\Binn\;C:\Users\Admin\AppData\Local\Programs\Python\Launcher\;C:\Users\Admin\AppData\Local\Microsoft\WindowsApps;D:\Microsoft VS Code\bin;C:\Users\Admin\AppData\Local\GitHubDesktop\bin;C:\Program Files\JetBrains\IntelliJ IDEA Community Edition 2023.3.1\bin;;C:\Users\Admin\AppData\Local\Programs\MiKTeX\miktex\bin\x64\;C:\Users\Admin\Desktop;
USERNAME=Admin
OS=Windows_NT
PROCESSOR_IDENTIFIER=Intel64 Family 6 Model 142 Stepping 9, GenuineIntel
TMP=C:\Users\Admin\AppData\Local\Temp
TEMP=C:\Users\Admin\AppData\Local\Temp



---------------  S Y S T E M  ---------------

OS:
 Windows 10 , 64 bit Build 19041 (10.0.19041.3636)
OS uptime: 0 days 19:30 hours

CPU: total 4 (initial active 4) (2 cores per cpu, 2 threads per core) family 6 model 142 stepping 9 microcode 0xb4, cx8, cmov, fxsr, ht, mmx, 3dnowpref, sse, sse2, sse3, ssse3, sse4.1, sse4.2, popcnt, lzcnt, tsc, tscinvbit, avx, avx2, aes, erms, clmul, bmi1, bmi2, adx, fma, vzeroupper, clflush, clflushopt
Processor Information for all 4 processors :
  Max Mhz: 2300, Current Mhz: 2300, Mhz Limit: 2300

Memory: 4k page, system-wide physical 8058M (1502M free)
TotalPageFile size 15733M (AvailPageFile size 33M)
current process WorkingSet (physical memory assigned to process): 10M, peak: 10M
current process commit charge ("private bytes"): 51M, peak: 177M

vm_info: OpenJDK 64-Bit Server VM (17.0.8.1+1) for windows-amd64 JRE (17.0.8.1+1), built on Aug 23 2023 15:29:17 by "admin" with MS VC++ 16.7 (VS2019)

END.
